<?xml version="1.0" encoding="UTF-8"?>
<!-- Generated by org.testng.reporters.JUnitXMLReporter -->
<testsuite hostname="Sys82-MW" ignored="0" name="Default test" tests="1" failures="1" timestamp="07 Jun 2018 10:16:06 GMT" time="48.426" errors="0">
  <testcase name="check" time="48.384" classname="Maven_Test.Maven_Test.First">
    <failure type="org.openqa.selenium.WebDriverException" message="Failed to connect to binary FirefoxBinary(C:\Program Files\Mozilla Firefox\firefox.exe) on port 7055; process output follows: 

1528366521665	addons.xpi	DEBUG	Registering manifest for C:\Program Files\Mozilla Firefox\browser\features\onboarding@mozilla.org.xpi
1528366521666	addons.xpi	DEBUG	Calling bootstrap method startup on onboarding@mozilla.org version 1.0
1528366521666	addons.xpi	DEBUG	Registering manifest for C:\Program Files\Mozilla Firefox\browser\features\screenshots@mozilla.org.xpi
1528366521667	addons.xpi	DEBUG	Calling bootstrap method startup on screenshots@mozilla.org version 32.1.0
1528366521667	addons.xpi	DEBUG	Registering manifest for C:\Program Files\Mozilla Firefox\browser\features\webcompat-reporter@mozilla.org.xpi
1528366521668	addons.xpi	DEBUG	Calling bootstrap method startup on webcompat-reporter@mozilla.org version 1.0.0
1528366521668	addons.xpi	DEBUG	Registering manifest for C:\Program Files\Mozilla Firefox\browser\features\webcompat@mozilla.org.xpi
1528366521671	addons.xpi	DEBUG	Calling bootstrap method startup on webcompat@mozilla.org version 2.0
1528366521673	addons.manager	DEBUG	Registering shutdown blocker for XPIProvider
1528366521674	addons.manager	DEBUG	Provider finished startup: XPIProvider
1528366521674	addons.manager	DEBUG	Starting provider: LightweightThemeManager
1528366521674	addons.manager	DEBUG	Registering shutdown blocker for LightweightThemeManager
1528366521674	addons.manager	DEBUG	Provider finished startup: LightweightThemeManager
1528366521674	addons.manager	DEBUG	Starting provider: GMPProvider
1528366521684	addons.manager	DEBUG	Registering shutdown blocker for GMPProvider
1528366521685	addons.manager	DEBUG	Provider finished startup: GMPProvider
1528366521685	addons.manager	DEBUG	Starting provider: PluginProvider
1528366521685	addons.manager	DEBUG	Registering shutdown blocker for PluginProvider
1528366521685	addons.manager	DEBUG	Provider finished startup: PluginProvider
1528366521687	addons.manager	DEBUG	Completed startup sequence
[GFX1]: Potential driver version mismatch ignored due to missing DLLs igd10umd32 v= and igd10iumd32 v=
1528366523069	addons.repository	DEBUG	No addons.json found.
1528366527460	addons.xpi	DEBUG	Ignoring file entry whose name is not a valid add-on ID: C:\Users\amit\AppData\Local\Temp\anonymous8020788845914526174webdriver-profile\extensions\webdriver-staging
1528366527461	addons.xpi	DEBUG	Existing add-on activity-stream@mozilla.org in app-system-defaults
1528366527462	addons.xpi	DEBUG	Existing add-on aushelper@mozilla.org in app-system-defaults
1528366527462	addons.xpi	DEBUG	Existing add-on firefox@getpocket.com in app-system-defaults
1528366527463	addons.xpi	DEBUG	Existing add-on followonsearch@mozilla.com in app-system-defaults
1528366527463	addons.xpi	DEBUG	Existing add-on formautofill@mozilla.org in app-system-defaults
1528366527464	addons.xpi	DEBUG	Existing add-on onboarding@mozilla.org in app-system-defaults
1528366527464	addons.xpi	DEBUG	Existing add-on screenshots@mozilla.org in app-system-defaults
1528366527465	addons.xpi	DEBUG	Existing add-on webcompat-reporter@mozilla.org in app-system-defaults
1528366527465	addons.xpi	DEBUG	Existing add-on webcompat@mozilla.org in app-system-defaults
1528366527466	addons.xpi	DEBUG	getInstallState changed: false, state: {}
JavaScript error: resource://gre/modules/addons/XPIProvider.jsm, line 2186: TypeError: addon is null
Crash Annotation GraphicsCriticalError: |[C0][GFX1]: Potential driver version mismatch ignored due to missing DLLs igd10umd32 v= and igd10iumd32 v= (t=11.9867) [GFX1]: Potential driver version mismatch ignored due to missing DLLs igd10umd32 v= and igd10iumd32 v=
Crash Annotation GraphicsCriticalError: |[C0][GFX1]: Potential driver version mismatch ignored due to missing DLLs igd10umd32 v= and igd10iumd32 v= (t=13.0437) [GFX1]: Potential driver version mismatch ignored due to missing DLLs igd10umd32 v= and igd10iumd32 v=
Crash Annotation GraphicsCriticalError: |[C0][GFX1]: Potential driver version mismatch ignored due to missing DLLs igd10umd32 v= and igd10iumd32 v= (t=14.5306) [GFX1]: Potential driver version mismatch ignored due to missing DLLs igd10umd32 v= and igd10iumd32 v=

Build info: version: &amp;apos;2.53.1&amp;apos;, revision: &amp;apos;a36b8b1cd5757287168e54b817830adce9b0158d&amp;apos;, time: &amp;apos;2016-06-30 19:26:09&amp;apos;
System info: host: &amp;apos;Sys82-MW&amp;apos;, ip: &amp;apos;192.168.0.242&amp;apos;, os.name: &amp;apos;Windows 7&amp;apos;, os.arch: &amp;apos;x86&amp;apos;, os.version: &amp;apos;6.1&amp;apos;, java.version: &amp;apos;1.8.0_101&amp;apos;
Driver info: driver.version: FirefoxDriver">
      <![CDATA[org.openqa.selenium.WebDriverException: Failed to connect to binary FirefoxBinary(C:\Program Files\Mozilla Firefox\firefox.exe) on port 7055; process output follows: 

1528366521665addons.xpiDEBUGRegistering manifest for C:\Program Files\Mozilla Firefox\browser\features\onboarding@mozilla.org.xpi
1528366521666addons.xpiDEBUGCalling bootstrap method startup on onboarding@mozilla.org version 1.0
1528366521666addons.xpiDEBUGRegistering manifest for C:\Program Files\Mozilla Firefox\browser\features\screenshots@mozilla.org.xpi
1528366521667addons.xpiDEBUGCalling bootstrap method startup on screenshots@mozilla.org version 32.1.0
1528366521667addons.xpiDEBUGRegistering manifest for C:\Program Files\Mozilla Firefox\browser\features\webcompat-reporter@mozilla.org.xpi
1528366521668addons.xpiDEBUGCalling bootstrap method startup on webcompat-reporter@mozilla.org version 1.0.0
1528366521668addons.xpiDEBUGRegistering manifest for C:\Program Files\Mozilla Firefox\browser\features\webcompat@mozilla.org.xpi
1528366521671addons.xpiDEBUGCalling bootstrap method startup on webcompat@mozilla.org version 2.0
1528366521673addons.managerDEBUGRegistering shutdown blocker for XPIProvider
1528366521674addons.managerDEBUGProvider finished startup: XPIProvider
1528366521674addons.managerDEBUGStarting provider: LightweightThemeManager
1528366521674addons.managerDEBUGRegistering shutdown blocker for LightweightThemeManager
1528366521674addons.managerDEBUGProvider finished startup: LightweightThemeManager
1528366521674addons.managerDEBUGStarting provider: GMPProvider
1528366521684addons.managerDEBUGRegistering shutdown blocker for GMPProvider
1528366521685addons.managerDEBUGProvider finished startup: GMPProvider
1528366521685addons.managerDEBUGStarting provider: PluginProvider
1528366521685addons.managerDEBUGRegistering shutdown blocker for PluginProvider
1528366521685addons.managerDEBUGProvider finished startup: PluginProvider
1528366521687addons.managerDEBUGCompleted startup sequence
[GFX1]: Potential driver version mismatch ignored due to missing DLLs igd10umd32 v= and igd10iumd32 v=
1528366523069addons.repositoryDEBUGNo addons.json found.
1528366527460addons.xpiDEBUGIgnoring file entry whose name is not a valid add-on ID: C:\Users\amit\AppData\Local\Temp\anonymous8020788845914526174webdriver-profile\extensions\webdriver-staging
1528366527461addons.xpiDEBUGExisting add-on activity-stream@mozilla.org in app-system-defaults
1528366527462addons.xpiDEBUGExisting add-on aushelper@mozilla.org in app-system-defaults
1528366527462addons.xpiDEBUGExisting add-on firefox@getpocket.com in app-system-defaults
1528366527463addons.xpiDEBUGExisting add-on followonsearch@mozilla.com in app-system-defaults
1528366527463addons.xpiDEBUGExisting add-on formautofill@mozilla.org in app-system-defaults
1528366527464addons.xpiDEBUGExisting add-on onboarding@mozilla.org in app-system-defaults
1528366527464addons.xpiDEBUGExisting add-on screenshots@mozilla.org in app-system-defaults
1528366527465addons.xpiDEBUGExisting add-on webcompat-reporter@mozilla.org in app-system-defaults
1528366527465addons.xpiDEBUGExisting add-on webcompat@mozilla.org in app-system-defaults
1528366527466addons.xpiDEBUGgetInstallState changed: false, state: {}
JavaScript error: resource://gre/modules/addons/XPIProvider.jsm, line 2186: TypeError: addon is null
Crash Annotation GraphicsCriticalError: |[C0][GFX1]: Potential driver version mismatch ignored due to missing DLLs igd10umd32 v= and igd10iumd32 v= (t=11.9867) [GFX1]: Potential driver version mismatch ignored due to missing DLLs igd10umd32 v= and igd10iumd32 v=
Crash Annotation GraphicsCriticalError: |[C0][GFX1]: Potential driver version mismatch ignored due to missing DLLs igd10umd32 v= and igd10iumd32 v= (t=13.0437) [GFX1]: Potential driver version mismatch ignored due to missing DLLs igd10umd32 v= and igd10iumd32 v=
Crash Annotation GraphicsCriticalError: |[C0][GFX1]: Potential driver version mismatch ignored due to missing DLLs igd10umd32 v= and igd10iumd32 v= (t=14.5306) [GFX1]: Potential driver version mismatch ignored due to missing DLLs igd10umd32 v= and igd10iumd32 v=

Build info: version: '2.53.1', revision: 'a36b8b1cd5757287168e54b817830adce9b0158d', time: '2016-06-30 19:26:09'
System info: host: 'Sys82-MW', ip: '192.168.0.242', os.name: 'Windows 7', os.arch: 'x86', os.version: '6.1', java.version: '1.8.0_101'
Driver info: driver.version: FirefoxDriver
at org.openqa.selenium.firefox.internal.NewProfileExtensionConnection.start(NewProfileExtensionConnection.java:125)
at org.openqa.selenium.firefox.FirefoxDriver.startClient(FirefoxDriver.java:271)
at org.openqa.selenium.remote.RemoteWebDriver.<init>(RemoteWebDriver.java:119)
at org.openqa.selenium.firefox.FirefoxDriver.<init>(FirefoxDriver.java:216)
at org.openqa.selenium.firefox.FirefoxDriver.<init>(FirefoxDriver.java:211)
at org.openqa.selenium.firefox.FirefoxDriver.<init>(FirefoxDriver.java:207)
at org.openqa.selenium.firefox.FirefoxDriver.<init>(FirefoxDriver.java:120)
at Maven_Test.Maven_Test.First.check(First.java:15)
at sun.reflect.NativeMethodAccessorImpl.invoke0(Native Method)
at sun.reflect.NativeMethodAccessorImpl.invoke(Unknown Source)
at sun.reflect.DelegatingMethodAccessorImpl.invoke(Unknown Source)
at java.lang.reflect.Method.invoke(Unknown Source)
at org.testng.internal.MethodInvocationHelper.invokeMethod(MethodInvocationHelper.java:124)
at org.testng.internal.Invoker.invokeMethod(Invoker.java:580)
at org.testng.internal.Invoker.invokeTestMethod(Invoker.java:716)
at org.testng.internal.Invoker.invokeTestMethods(Invoker.java:988)
at org.testng.internal.TestMethodWorker.invokeTestMethods(TestMethodWorker.java:125)
at org.testng.internal.TestMethodWorker.run(TestMethodWorker.java:109)
at org.testng.TestRunner.privateRun(TestRunner.java:648)
at org.testng.TestRunner.run(TestRunner.java:505)
at org.testng.SuiteRunner.runTest(SuiteRunner.java:455)
at org.testng.SuiteRunner.runSequentially(SuiteRunner.java:450)
at org.testng.SuiteRunner.privateRun(SuiteRunner.java:415)
at org.testng.SuiteRunner.run(SuiteRunner.java:364)
at org.testng.SuiteRunnerWorker.runSuite(SuiteRunnerWorker.java:52)
at org.testng.SuiteRunnerWorker.run(SuiteRunnerWorker.java:84)
at org.testng.TestNG.runSuitesSequentially(TestNG.java:1208)
at org.testng.TestNG.runSuitesLocally(TestNG.java:1137)
at org.testng.TestNG.runSuites(TestNG.java:1049)
at org.testng.TestNG.run(TestNG.java:1017)
at org.testng.remote.AbstractRemoteTestNG.run(AbstractRemoteTestNG.java:114)
at org.testng.remote.RemoteTestNG.initAndRun(RemoteTestNG.java:251)
at org.testng.remote.RemoteTestNG.main(RemoteTestNG.java:77)
Caused by: org.openqa.selenium.firefox.NotConnectedException: Unable to connect to host 127.0.0.1 on port 7055 after 45000 ms. Firefox console output:

1528366521665addons.xpiDEBUGRegistering manifest for C:\Program Files\Mozilla Firefox\browser\features\onboarding@mozilla.org.xpi
1528366521666addons.xpiDEBUGCalling bootstrap method startup on onboarding@mozilla.org version 1.0
1528366521666addons.xpiDEBUGRegistering manifest for C:\Program Files\Mozilla Firefox\browser\features\screenshots@mozilla.org.xpi
1528366521667addons.xpiDEBUGCalling bootstrap method startup on screenshots@mozilla.org version 32.1.0
1528366521667addons.xpiDEBUGRegistering manifest for C:\Program Files\Mozilla Firefox\browser\features\webcompat-reporter@mozilla.org.xpi
1528366521668addons.xpiDEBUGCalling bootstrap method startup on webcompat-reporter@mozilla.org version 1.0.0
1528366521668addons.xpiDEBUGRegistering manifest for C:\Program Files\Mozilla Firefox\browser\features\webcompat@mozilla.org.xpi
1528366521671addons.xpiDEBUGCalling bootstrap method startup on webcompat@mozilla.org version 2.0
1528366521673addons.managerDEBUGRegistering shutdown blocker for XPIProvider
1528366521674addons.managerDEBUGProvider finished startup: XPIProvider
1528366521674addons.managerDEBUGStarting provider: LightweightThemeManager
1528366521674addons.managerDEBUGRegistering shutdown blocker for LightweightThemeManager
1528366521674addons.managerDEBUGProvider finished startup: LightweightThemeManager
1528366521674addons.managerDEBUGStarting provider: GMPProvider
1528366521684addons.managerDEBUGRegistering shutdown blocker for GMPProvider
1528366521685addons.managerDEBUGProvider finished startup: GMPProvider
1528366521685addons.managerDEBUGStarting provider: PluginProvider
1528366521685addons.managerDEBUGRegistering shutdown blocker for PluginProvider
1528366521685addons.managerDEBUGProvider finished startup: PluginProvider
1528366521687addons.managerDEBUGCompleted startup sequence
[GFX1]: Potential driver version mismatch ignored due to missing DLLs igd10umd32 v= and igd10iumd32 v=
1528366523069addons.repositoryDEBUGNo addons.json found.
1528366527460addons.xpiDEBUGIgnoring file entry whose name is not a valid add-on ID: C:\Users\amit\AppData\Local\Temp\anonymous8020788845914526174webdriver-profile\extensions\webdriver-staging
1528366527461addons.xpiDEBUGExisting add-on activity-stream@mozilla.org in app-system-defaults
1528366527462addons.xpiDEBUGExisting add-on aushelper@mozilla.org in app-system-defaults
1528366527462addons.xpiDEBUGExisting add-on firefox@getpocket.com in app-system-defaults
1528366527463addons.xpiDEBUGExisting add-on followonsearch@mozilla.com in app-system-defaults
1528366527463addons.xpiDEBUGExisting add-on formautofill@mozilla.org in app-system-defaults
1528366527464addons.xpiDEBUGExisting add-on onboarding@mozilla.org in app-system-defaults
1528366527464addons.xpiDEBUGExisting add-on screenshots@mozilla.org in app-system-defaults
1528366527465addons.xpiDEBUGExisting add-on webcompat-reporter@mozilla.org in app-system-defaults
1528366527465addons.xpiDEBUGExisting add-on webcompat@mozilla.org in app-system-defaults
1528366527466addons.xpiDEBUGgetInstallState changed: false, state: {}
JavaScript error: resource://gre/modules/addons/XPIProvider.jsm, line 2186: TypeError: addon is null
Crash Annotation GraphicsCriticalError: |[C0][GFX1]: Potential driver version mismatch ignored due to missing DLLs igd10umd32 v= and igd10iumd32 v= (t=11.9867) [GFX1]: Potential driver version mismatch ignored due to missing DLLs igd10umd32 v= and igd10iumd32 v=
Crash Annotation GraphicsCriticalError: |[C0][GFX1]: Potential driver version mismatch ignored due to missing DLLs igd10umd32 v= and igd10iumd32 v= (t=13.0437) [GFX1]: Potential driver version mismatch ignored due to missing DLLs igd10umd32 v= and igd10iumd32 v=
Crash Annotation GraphicsCriticalError: |[C0][GFX1]: Potential driver version mismatch ignored due to missing DLLs igd10umd32 v= and igd10iumd32 v= (t=14.5306) [GFX1]: Potential driver version mismatch ignored due to missing DLLs igd10umd32 v= and igd10iumd32 v=

at org.openqa.selenium.firefox.internal.NewProfileExtensionConnection.start(NewProfileExtensionConnection.java:113)
... 32 more
]]>
    </failure>
  </testcase> <!-- check -->
</testsuite> <!-- Default test -->
